<?xml version="1.0" encoding="UTF-8"?>
<!-- Generated by org.testng.reporters.JUnitReportReporter -->
<testsuite hostname="ATIQUE-CA" failures="0" tests="1" name="testcases.ResSpRunDriver" time="33.926" errors="0" timestamp="2020-12-25T17:21:48 EST" skipped="0">
  <testcase classname="testcases.ResSpRunDriver" name="userlogin" time="33.926"/>
  <system-out/>
</testsuite> <!-- testcases.ResSpRunDriver -->
