<?xml version="1.0" encoding="UTF-8"?>
<!-- Generated by org.testng.reporters.JUnitReportReporter -->
<testsuite hostname="ATIQUE-CA" failures="0" tests="1" name="testcases.RedSpeakerPurchase" time="29.992" errors="0" timestamp="2020-12-23T11:27:06 EST" skipped="0">
  <testcase classname="testcases.RedSpeakerPurchase" name="loginValidation" time="29.992"/>
  <system-out/>
</testsuite> <!-- testcases.RedSpeakerPurchase -->
