<?xml version="1.0" encoding="UTF-8"?>
<!-- Generated by org.testng.reporters.JUnitReportReporter -->
<testsuite hostname="ATIQUE-CA" failures="0" tests="1" name="testcases.T01_Login_Validation" time="20.157" errors="0" timestamp="2020-12-25T17:21:48 EST" skipped="0">
  <testcase classname="testcases.T01_Login_Validation" name="loginValidation" time="20.157"/>
  <system-out/>
</testsuite> <!-- testcases.T01_Login_Validation -->
