<?xml version="1.0" encoding="UTF-8"?>
<!-- Generated by org.testng.reporters.JUnitReportReporter -->
<testsuite hostname="ATIQUE-CA" failures="0" tests="1" name="testcases.HeadPhPurcahse" time="31.058" errors="0" timestamp="2020-12-25T17:21:48 EST" skipped="0">
  <testcase classname="testcases.HeadPhPurcahse" name="loginValidation" time="31.058"/>
  <system-out/>
</testsuite> <!-- testcases.HeadPhPurcahse -->
