<?xml version="1.0" encoding="UTF-8"?>
<!-- Generated by org.testng.reporters.JUnitReportReporter -->
<testsuite hostname="ATIQUE-CA" failures="0" tests="1" name="testcases.T01_HP_Validation" time="5.881" errors="0" timestamp="2020-12-23T22:11:59 EST" skipped="0">
  <testcase classname="testcases.T01_HP_Validation" name="homeValidation" time="5.881"/>
  <system-out/>
</testsuite> <!-- testcases.T01_HP_Validation -->
